I, [2016-02-10T08:45:56.741947 #5180]  INFO -- Kitchen: -----> Starting Kitchen (v1.4.2)
I, [2016-02-10T08:45:57.245947 #5180]  INFO -- Kitchen: -----> Cleaning up any prior instances of <rhel7-centos7-centos7>
I, [2016-02-10T08:45:57.246947 #5180]  INFO -- Kitchen: -----> Destroying <rhel7-centos7-centos7>...
I, [2016-02-10T08:45:57.250947 #5180]  INFO -- Kitchen: -----> Testing <rhel7-centos7-centos7>
I, [2016-02-10T08:45:57.250947 #5180]  INFO -- Kitchen: -----> Creating <rhel7-centos7-centos7>...
I, [2016-02-10T08:46:54.641947 #5180]  INFO -- Kitchen: -----> Converging <rhel7-centos7-centos7>...
I, [2016-02-10T08:47:34.536947 #5180]  INFO -- Kitchen: -----> Setting up <rhel7-centos7-centos7>...
I, [2016-02-10T08:47:34.544947 #5180]  INFO -- Kitchen: -----> Verifying <rhel7-centos7-centos7>...
I, [2016-02-10T08:47:34.563947 #5180]  INFO -- Kitchen: -----> Destroying <rhel7-centos7-centos7>...
I, [2016-02-10T08:47:41.303447 #5180]  INFO -- Kitchen: -----> Cleaning up any prior instances of <rhel7-centos7-rhel7>
I, [2016-02-10T08:47:41.304447 #5180]  INFO -- Kitchen: -----> Destroying <rhel7-centos7-rhel7>...
I, [2016-02-10T08:47:41.310447 #5180]  INFO -- Kitchen: -----> Testing <rhel7-centos7-rhel7>
I, [2016-02-10T08:47:41.312447 #5180]  INFO -- Kitchen: -----> Creating <rhel7-centos7-rhel7>...
I, [2016-02-10T08:48:47.500271 #5180]  INFO -- Kitchen: -----> Converging <rhel7-centos7-rhel7>...
I, [2016-02-10T08:49:32.053680 #5180]  INFO -- Kitchen: -----> Setting up <rhel7-centos7-rhel7>...
I, [2016-02-10T08:49:32.061182 #5180]  INFO -- Kitchen: -----> Verifying <rhel7-centos7-rhel7>...
I, [2016-02-10T08:49:32.077185 #5180]  INFO -- Kitchen: -----> Destroying <rhel7-centos7-rhel7>...
I, [2016-02-10T08:49:38.606829 #5180]  INFO -- Kitchen: -----> Cleaning up any prior instances of <rhel6-centos6-centos6>
I, [2016-02-10T08:49:38.607829 #5180]  INFO -- Kitchen: -----> Destroying <rhel6-centos6-centos6>...
I, [2016-02-10T08:49:38.614829 #5180]  INFO -- Kitchen: -----> Testing <rhel6-centos6-centos6>
I, [2016-02-10T08:49:38.615829 #5180]  INFO -- Kitchen: -----> Creating <rhel6-centos6-centos6>...
I, [2016-02-10T08:50:42.088915 #5180]  INFO -- Kitchen: -----> Converging <rhel6-centos6-centos6>...
I, [2016-02-10T08:51:41.059206 #5180]  INFO -- Kitchen: -----> Setting up <rhel6-centos6-centos6>...
I, [2016-02-10T08:51:41.079710 #5180]  INFO -- Kitchen: -----> Verifying <rhel6-centos6-centos6>...
I, [2016-02-10T08:51:41.098214 #5180]  INFO -- Kitchen: -----> Destroying <rhel6-centos6-centos6>...
I, [2016-02-10T08:51:47.602346 #5180]  INFO -- Kitchen: -----> Cleaning up any prior instances of <rhel6-centos6-rhel6>
I, [2016-02-10T08:51:47.603346 #5180]  INFO -- Kitchen: -----> Destroying <rhel6-centos6-rhel6>...
I, [2016-02-10T08:51:47.607346 #5180]  INFO -- Kitchen: -----> Testing <rhel6-centos6-rhel6>
I, [2016-02-10T08:51:47.608347 #5180]  INFO -- Kitchen: -----> Creating <rhel6-centos6-rhel6>...
I, [2016-02-10T08:52:51.195636 #5180]  INFO -- Kitchen: -----> Converging <rhel6-centos6-rhel6>...
I, [2016-02-10T08:53:37.813458 #5180]  INFO -- Kitchen: -----> Setting up <rhel6-centos6-rhel6>...
I, [2016-02-10T08:53:37.817959 #5180]  INFO -- Kitchen: -----> Verifying <rhel6-centos6-rhel6>...
I, [2016-02-10T08:53:37.831461 #5180]  INFO -- Kitchen: -----> Destroying <rhel6-centos6-rhel6>...
I, [2016-02-10T08:53:45.640994 #5180]  INFO -- Kitchen: -----> Kitchen is finished. (7m48.88s)
